[2015-02-26 18:19:00] grav.CRITICAL: Page Not Found - Trace: #0 /Users/noahheyl/Documents/fog-docs/vendor/pimple/pimple/src/Pimple/Container.php(112): Grav\Common\Grav::Grav\Common\{closure}(Object(Grav\Common\Grav)) #1 /Users/noahheyl/Documents/fog-docs/system/src/Grav/Common/Twig.php(285): Pimple\Container->offsetGet('page') #2 /Users/noahheyl/Documents/fog-docs/system/src/Grav/Common/Grav.php(143): Grav\Common\Twig->processSite(NULL) #3 /Users/noahheyl/Documents/fog-docs/vendor/pimple/pimple/src/Pimple/Container.php(112): Grav\Common\Grav::Grav\Common\{closure}(Object(Grav\Common\Grav)) #4 /Users/noahheyl/Documents/fog-docs/system/src/Grav/Common/Grav.php(229): Pimple\Container->offsetGet('output') #5 /Users/noahheyl/Documents/fog-docs/index.php(31): Grav\Common\Grav->process() #6 {main} [] []
[2015-02-26 18:19:12] grav.CRITICAL: Page Not Found - Trace: #0 /Users/noahheyl/Documents/fog-docs/vendor/pimple/pimple/src/Pimple/Container.php(112): Grav\Common\Grav::Grav\Common\{closure}(Object(Grav\Common\Grav)) #1 /Users/noahheyl/Documents/fog-docs/system/src/Grav/Common/Twig.php(285): Pimple\Container->offsetGet('page') #2 /Users/noahheyl/Documents/fog-docs/system/src/Grav/Common/Grav.php(143): Grav\Common\Twig->processSite(NULL) #3 /Users/noahheyl/Documents/fog-docs/vendor/pimple/pimple/src/Pimple/Container.php(112): Grav\Common\Grav::Grav\Common\{closure}(Object(Grav\Common\Grav)) #4 /Users/noahheyl/Documents/fog-docs/system/src/Grav/Common/Grav.php(229): Pimple\Container->offsetGet('output') #5 /Users/noahheyl/Documents/fog-docs/index.php(31): Grav\Common\Grav->process() #6 {main} [] []
[2015-02-26 18:28:57] grav.CRITICAL: Page Not Found - Trace: #0 /Users/noahheyl/Documents/fog-docs/vendor/pimple/pimple/src/Pimple/Container.php(112): Grav\Common\Grav::Grav\Common\{closure}(Object(Grav\Common\Grav)) #1 /Users/noahheyl/Documents/fog-docs/system/src/Grav/Common/Twig.php(285): Pimple\Container->offsetGet('page') #2 /Users/noahheyl/Documents/fog-docs/system/src/Grav/Common/Grav.php(143): Grav\Common\Twig->processSite(NULL) #3 /Users/noahheyl/Documents/fog-docs/vendor/pimple/pimple/src/Pimple/Container.php(112): Grav\Common\Grav::Grav\Common\{closure}(Object(Grav\Common\Grav)) #4 /Users/noahheyl/Documents/fog-docs/system/src/Grav/Common/Grav.php(229): Pimple\Container->offsetGet('output') #5 /Users/noahheyl/Documents/fog-docs/index.php(31): Grav\Common\Grav->process() #6 {main} [] []
[2015-02-26 18:29:00] grav.CRITICAL: Page Not Found - Trace: #0 /Users/noahheyl/Documents/fog-docs/vendor/pimple/pimple/src/Pimple/Container.php(112): Grav\Common\Grav::Grav\Common\{closure}(Object(Grav\Common\Grav)) #1 /Users/noahheyl/Documents/fog-docs/system/src/Grav/Common/Twig.php(285): Pimple\Container->offsetGet('page') #2 /Users/noahheyl/Documents/fog-docs/system/src/Grav/Common/Grav.php(143): Grav\Common\Twig->processSite(NULL) #3 /Users/noahheyl/Documents/fog-docs/vendor/pimple/pimple/src/Pimple/Container.php(112): Grav\Common\Grav::Grav\Common\{closure}(Object(Grav\Common\Grav)) #4 /Users/noahheyl/Documents/fog-docs/system/src/Grav/Common/Grav.php(229): Pimple\Container->offsetGet('output') #5 /Users/noahheyl/Documents/fog-docs/index.php(31): Grav\Common\Grav->process() #6 {main} [] []
[2015-02-26 18:29:03] grav.CRITICAL: Page Not Found - Trace: #0 /Users/noahheyl/Documents/fog-docs/vendor/pimple/pimple/src/Pimple/Container.php(112): Grav\Common\Grav::Grav\Common\{closure}(Object(Grav\Common\Grav)) #1 /Users/noahheyl/Documents/fog-docs/system/src/Grav/Common/Twig.php(285): Pimple\Container->offsetGet('page') #2 /Users/noahheyl/Documents/fog-docs/system/src/Grav/Common/Grav.php(143): Grav\Common\Twig->processSite(NULL) #3 /Users/noahheyl/Documents/fog-docs/vendor/pimple/pimple/src/Pimple/Container.php(112): Grav\Common\Grav::Grav\Common\{closure}(Object(Grav\Common\Grav)) #4 /Users/noahheyl/Documents/fog-docs/system/src/Grav/Common/Grav.php(229): Pimple\Container->offsetGet('output') #5 /Users/noahheyl/Documents/fog-docs/index.php(31): Grav\Common\Grav->process() #6 {main} [] []
[2015-02-26 18:42:58] grav.WARNING: Plugin 'simplesearch' enabled but not found! Try clearing cache with `bin/grav clear-cache` [] []
[2015-02-26 18:42:58] grav.WARNING: Plugin 'videoembed' enabled but not found! Try clearing cache with `bin/grav clear-cache` [] []
[2015-02-26 18:43:02] grav.WARNING: Plugin 'simplesearch' enabled but not found! Try clearing cache with `bin/grav clear-cache` [] []
[2015-02-26 18:43:02] grav.WARNING: Plugin 'videoembed' enabled but not found! Try clearing cache with `bin/grav clear-cache` [] []
[2015-02-26 18:43:03] grav.WARNING: Plugin 'simplesearch' enabled but not found! Try clearing cache with `bin/grav clear-cache` [] []
[2015-02-26 18:43:03] grav.WARNING: Plugin 'videoembed' enabled but not found! Try clearing cache with `bin/grav clear-cache` [] []
[2015-02-26 18:43:03] grav.WARNING: Plugin 'simplesearch' enabled but not found! Try clearing cache with `bin/grav clear-cache` [] []
[2015-02-26 18:43:03] grav.WARNING: Plugin 'videoembed' enabled but not found! Try clearing cache with `bin/grav clear-cache` [] []
[2015-02-26 18:43:04] grav.WARNING: Plugin 'simplesearch' enabled but not found! Try clearing cache with `bin/grav clear-cache` [] []
[2015-02-26 18:43:04] grav.WARNING: Plugin 'videoembed' enabled but not found! Try clearing cache with `bin/grav clear-cache` [] []
[2015-02-26 18:44:11] grav.WARNING: Plugin 'simplesearch' enabled but not found! Try clearing cache with `bin/grav clear-cache` [] []
[2015-02-26 18:44:11] grav.WARNING: Plugin 'videoembed' enabled but not found! Try clearing cache with `bin/grav clear-cache` [] []
[2015-02-26 18:44:20] grav.WARNING: Plugin 'simplesearch' enabled but not found! Try clearing cache with `bin/grav clear-cache` [] []
[2015-02-26 18:44:20] grav.WARNING: Plugin 'videoembed' enabled but not found! Try clearing cache with `bin/grav clear-cache` [] []
[2015-02-26 18:44:21] grav.WARNING: Plugin 'simplesearch' enabled but not found! Try clearing cache with `bin/grav clear-cache` [] []
[2015-02-26 18:44:21] grav.WARNING: Plugin 'videoembed' enabled but not found! Try clearing cache with `bin/grav clear-cache` [] []
[2015-02-26 18:44:25] grav.WARNING: Plugin 'simplesearch' enabled but not found! Try clearing cache with `bin/grav clear-cache` [] []
[2015-02-26 18:44:25] grav.WARNING: Plugin 'videoembed' enabled but not found! Try clearing cache with `bin/grav clear-cache` [] []
[2015-02-26 18:45:33] grav.WARNING: Plugin 'simplesearch' enabled but not found! Try clearing cache with `bin/grav clear-cache` [] []
[2015-02-26 18:45:33] grav.WARNING: Plugin 'videoembed' enabled but not found! Try clearing cache with `bin/grav clear-cache` [] []
[2015-02-26 18:45:35] grav.WARNING: Plugin 'simplesearch' enabled but not found! Try clearing cache with `bin/grav clear-cache` [] []
[2015-02-26 18:45:35] grav.WARNING: Plugin 'videoembed' enabled but not found! Try clearing cache with `bin/grav clear-cache` [] []
[2015-02-26 18:45:36] grav.WARNING: Plugin 'simplesearch' enabled but not found! Try clearing cache with `bin/grav clear-cache` [] []
[2015-02-26 18:45:36] grav.WARNING: Plugin 'videoembed' enabled but not found! Try clearing cache with `bin/grav clear-cache` [] []
[2015-02-26 18:45:37] grav.WARNING: Plugin 'simplesearch' enabled but not found! Try clearing cache with `bin/grav clear-cache` [] []
[2015-02-26 18:45:37] grav.WARNING: Plugin 'videoembed' enabled but not found! Try clearing cache with `bin/grav clear-cache` [] []
[2015-02-26 18:46:43] grav.WARNING: Plugin 'simplesearch' enabled but not found! Try clearing cache with `bin/grav clear-cache` [] []
[2015-02-26 18:46:43] grav.WARNING: Plugin 'videoembed' enabled but not found! Try clearing cache with `bin/grav clear-cache` [] []
[2015-02-26 18:48:32] grav.WARNING: Plugin 'simplesearch' enabled but not found! Try clearing cache with `bin/grav clear-cache` [] []
[2015-02-26 18:48:32] grav.WARNING: Plugin 'videoembed' enabled but not found! Try clearing cache with `bin/grav clear-cache` [] []
[2015-02-26 18:48:33] grav.WARNING: Plugin 'simplesearch' enabled but not found! Try clearing cache with `bin/grav clear-cache` [] []
[2015-02-26 18:48:33] grav.WARNING: Plugin 'videoembed' enabled but not found! Try clearing cache with `bin/grav clear-cache` [] []
[2015-02-26 18:48:36] grav.WARNING: Plugin 'simplesearch' enabled but not found! Try clearing cache with `bin/grav clear-cache` [] []
[2015-02-26 18:48:36] grav.WARNING: Plugin 'videoembed' enabled but not found! Try clearing cache with `bin/grav clear-cache` [] []
[2015-02-26 18:48:39] grav.WARNING: Plugin 'simplesearch' enabled but not found! Try clearing cache with `bin/grav clear-cache` [] []
[2015-02-26 18:48:39] grav.WARNING: Plugin 'videoembed' enabled but not found! Try clearing cache with `bin/grav clear-cache` [] []
[2015-02-26 18:48:40] grav.WARNING: Plugin 'simplesearch' enabled but not found! Try clearing cache with `bin/grav clear-cache` [] []
[2015-02-26 18:48:40] grav.WARNING: Plugin 'videoembed' enabled but not found! Try clearing cache with `bin/grav clear-cache` [] []
[2015-02-26 18:48:45] grav.WARNING: Plugin 'simplesearch' enabled but not found! Try clearing cache with `bin/grav clear-cache` [] []
[2015-02-26 18:48:45] grav.WARNING: Plugin 'videoembed' enabled but not found! Try clearing cache with `bin/grav clear-cache` [] []
[2015-02-26 18:48:46] grav.WARNING: Plugin 'simplesearch' enabled but not found! Try clearing cache with `bin/grav clear-cache` [] []
[2015-02-26 18:48:46] grav.WARNING: Plugin 'videoembed' enabled but not found! Try clearing cache with `bin/grav clear-cache` [] []
[2015-02-26 18:48:47] grav.WARNING: Plugin 'simplesearch' enabled but not found! Try clearing cache with `bin/grav clear-cache` [] []
[2015-02-26 18:48:47] grav.WARNING: Plugin 'videoembed' enabled but not found! Try clearing cache with `bin/grav clear-cache` [] []
[2015-02-26 18:49:33] grav.WARNING: Plugin 'simplesearch' enabled but not found! Try clearing cache with `bin/grav clear-cache` [] []
[2015-02-26 18:49:33] grav.WARNING: Plugin 'videoembed' enabled but not found! Try clearing cache with `bin/grav clear-cache` [] []
[2015-02-26 18:51:34] grav.WARNING: Plugin 'simplesearch' enabled but not found! Try clearing cache with `bin/grav clear-cache` [] []
[2015-02-26 18:51:34] grav.WARNING: Plugin 'videoembed' enabled but not found! Try clearing cache with `bin/grav clear-cache` [] []
[2015-02-26 18:51:36] grav.CRITICAL: Template "modular.html.twig" is not defined (). - Trace: #0 /Users/noahheyl/Documents/fog-docs/system/src/Grav/Common/Grav.php(143): Grav\Common\Twig->processSite(NULL) #1 /Users/noahheyl/Documents/fog-docs/vendor/pimple/pimple/src/Pimple/Container.php(112): Grav\Common\Grav::Grav\Common\{closure}(Object(Grav\Common\Grav)) #2 /Users/noahheyl/Documents/fog-docs/system/src/Grav/Common/Grav.php(229): Pimple\Container->offsetGet('output') #3 /Users/noahheyl/Documents/fog-docs/index.php(31): Grav\Common\Grav->process() #4 {main} [] []
[2015-02-26 18:51:36] grav.WARNING: Plugin 'simplesearch' enabled but not found! Try clearing cache with `bin/grav clear-cache` [] []
[2015-02-26 18:51:36] grav.WARNING: Plugin 'videoembed' enabled but not found! Try clearing cache with `bin/grav clear-cache` [] []
[2015-02-26 18:51:36] grav.CRITICAL: Template "modular.html.twig" is not defined (). - Trace: #0 /Users/noahheyl/Documents/fog-docs/system/src/Grav/Common/Grav.php(143): Grav\Common\Twig->processSite(NULL) #1 /Users/noahheyl/Documents/fog-docs/vendor/pimple/pimple/src/Pimple/Container.php(112): Grav\Common\Grav::Grav\Common\{closure}(Object(Grav\Common\Grav)) #2 /Users/noahheyl/Documents/fog-docs/system/src/Grav/Common/Grav.php(229): Pimple\Container->offsetGet('output') #3 /Users/noahheyl/Documents/fog-docs/index.php(31): Grav\Common\Grav->process() #4 {main} [] []
[2015-02-26 18:51:37] grav.WARNING: Plugin 'simplesearch' enabled but not found! Try clearing cache with `bin/grav clear-cache` [] []
[2015-02-26 18:51:37] grav.WARNING: Plugin 'videoembed' enabled but not found! Try clearing cache with `bin/grav clear-cache` [] []
[2015-02-26 18:51:37] grav.CRITICAL: Template "modular.html.twig" is not defined (). - Trace: #0 /Users/noahheyl/Documents/fog-docs/system/src/Grav/Common/Grav.php(143): Grav\Common\Twig->processSite(NULL) #1 /Users/noahheyl/Documents/fog-docs/vendor/pimple/pimple/src/Pimple/Container.php(112): Grav\Common\Grav::Grav\Common\{closure}(Object(Grav\Common\Grav)) #2 /Users/noahheyl/Documents/fog-docs/system/src/Grav/Common/Grav.php(229): Pimple\Container->offsetGet('output') #3 /Users/noahheyl/Documents/fog-docs/index.php(31): Grav\Common\Grav->process() #4 {main} [] []
[2015-02-26 18:51:37] grav.WARNING: Plugin 'simplesearch' enabled but not found! Try clearing cache with `bin/grav clear-cache` [] []
[2015-02-26 18:51:37] grav.WARNING: Plugin 'videoembed' enabled but not found! Try clearing cache with `bin/grav clear-cache` [] []
[2015-02-26 18:51:37] grav.CRITICAL: Template "modular.html.twig" is not defined (). - Trace: #0 /Users/noahheyl/Documents/fog-docs/system/src/Grav/Common/Grav.php(143): Grav\Common\Twig->processSite(NULL) #1 /Users/noahheyl/Documents/fog-docs/vendor/pimple/pimple/src/Pimple/Container.php(112): Grav\Common\Grav::Grav\Common\{closure}(Object(Grav\Common\Grav)) #2 /Users/noahheyl/Documents/fog-docs/system/src/Grav/Common/Grav.php(229): Pimple\Container->offsetGet('output') #3 /Users/noahheyl/Documents/fog-docs/index.php(31): Grav\Common\Grav->process() #4 {main} [] []
[2015-02-26 18:51:38] grav.WARNING: Plugin 'simplesearch' enabled but not found! Try clearing cache with `bin/grav clear-cache` [] []
[2015-02-26 18:51:38] grav.WARNING: Plugin 'videoembed' enabled but not found! Try clearing cache with `bin/grav clear-cache` [] []
[2015-02-26 18:51:38] grav.CRITICAL: Template "modular.html.twig" is not defined (). - Trace: #0 /Users/noahheyl/Documents/fog-docs/system/src/Grav/Common/Grav.php(143): Grav\Common\Twig->processSite(NULL) #1 /Users/noahheyl/Documents/fog-docs/vendor/pimple/pimple/src/Pimple/Container.php(112): Grav\Common\Grav::Grav\Common\{closure}(Object(Grav\Common\Grav)) #2 /Users/noahheyl/Documents/fog-docs/system/src/Grav/Common/Grav.php(229): Pimple\Container->offsetGet('output') #3 /Users/noahheyl/Documents/fog-docs/index.php(31): Grav\Common\Grav->process() #4 {main} [] []
[2015-02-26 18:52:51] grav.WARNING: Plugin 'simplesearch' enabled but not found! Try clearing cache with `bin/grav clear-cache` [] []
[2015-02-26 18:52:51] grav.WARNING: Plugin 'videoembed' enabled but not found! Try clearing cache with `bin/grav clear-cache` [] []
[2015-02-26 18:52:51] grav.CRITICAL: Template "default.html.twig" is not defined (). - Trace: #0 /Users/noahheyl/Documents/fog-docs/system/src/Grav/Common/Grav.php(143): Grav\Common\Twig->processSite(NULL) #1 /Users/noahheyl/Documents/fog-docs/vendor/pimple/pimple/src/Pimple/Container.php(112): Grav\Common\Grav::Grav\Common\{closure}(Object(Grav\Common\Grav)) #2 /Users/noahheyl/Documents/fog-docs/system/src/Grav/Common/Grav.php(229): Pimple\Container->offsetGet('output') #3 /Users/noahheyl/Documents/fog-docs/index.php(31): Grav\Common\Grav->process() #4 {main} [] []
[2015-02-26 18:52:53] grav.WARNING: Plugin 'simplesearch' enabled but not found! Try clearing cache with `bin/grav clear-cache` [] []
[2015-02-26 18:52:53] grav.WARNING: Plugin 'videoembed' enabled but not found! Try clearing cache with `bin/grav clear-cache` [] []
[2015-02-26 18:52:53] grav.CRITICAL: Template "default.html.twig" is not defined (). - Trace: #0 /Users/noahheyl/Documents/fog-docs/system/src/Grav/Common/Grav.php(143): Grav\Common\Twig->processSite(NULL) #1 /Users/noahheyl/Documents/fog-docs/vendor/pimple/pimple/src/Pimple/Container.php(112): Grav\Common\Grav::Grav\Common\{closure}(Object(Grav\Common\Grav)) #2 /Users/noahheyl/Documents/fog-docs/system/src/Grav/Common/Grav.php(229): Pimple\Container->offsetGet('output') #3 /Users/noahheyl/Documents/fog-docs/index.php(31): Grav\Common\Grav->process() #4 {main} [] []
[2015-02-26 18:53:03] grav.WARNING: Plugin 'simplesearch' enabled but not found! Try clearing cache with `bin/grav clear-cache` [] []
[2015-02-26 18:53:03] grav.WARNING: Plugin 'videoembed' enabled but not found! Try clearing cache with `bin/grav clear-cache` [] []
[2015-02-26 18:53:03] grav.CRITICAL: Template "default.html.twig" is not defined (). - Trace: #0 /Users/noahheyl/Documents/fog-docs/system/src/Grav/Common/Grav.php(143): Grav\Common\Twig->processSite(NULL) #1 /Users/noahheyl/Documents/fog-docs/vendor/pimple/pimple/src/Pimple/Container.php(112): Grav\Common\Grav::Grav\Common\{closure}(Object(Grav\Common\Grav)) #2 /Users/noahheyl/Documents/fog-docs/system/src/Grav/Common/Grav.php(229): Pimple\Container->offsetGet('output') #3 /Users/noahheyl/Documents/fog-docs/index.php(31): Grav\Common\Grav->process() #4 {main} [] []
[2015-02-26 18:53:04] grav.WARNING: Plugin 'simplesearch' enabled but not found! Try clearing cache with `bin/grav clear-cache` [] []
[2015-02-26 18:53:04] grav.WARNING: Plugin 'videoembed' enabled but not found! Try clearing cache with `bin/grav clear-cache` [] []
[2015-02-26 18:53:04] grav.CRITICAL: Template "default.html.twig" is not defined (). - Trace: #0 /Users/noahheyl/Documents/fog-docs/system/src/Grav/Common/Grav.php(143): Grav\Common\Twig->processSite(NULL) #1 /Users/noahheyl/Documents/fog-docs/vendor/pimple/pimple/src/Pimple/Container.php(112): Grav\Common\Grav::Grav\Common\{closure}(Object(Grav\Common\Grav)) #2 /Users/noahheyl/Documents/fog-docs/system/src/Grav/Common/Grav.php(229): Pimple\Container->offsetGet('output') #3 /Users/noahheyl/Documents/fog-docs/index.php(31): Grav\Common\Grav->process() #4 {main} [] []
[2015-02-26 18:53:14] grav.WARNING: Plugin 'simplesearch' enabled but not found! Try clearing cache with `bin/grav clear-cache` [] []
[2015-02-26 18:53:14] grav.WARNING: Plugin 'videoembed' enabled but not found! Try clearing cache with `bin/grav clear-cache` [] []
[2015-02-26 18:53:23] grav.WARNING: Plugin 'simplesearch' enabled but not found! Try clearing cache with `bin/grav clear-cache` [] []
[2015-02-26 18:53:23] grav.WARNING: Plugin 'videoembed' enabled but not found! Try clearing cache with `bin/grav clear-cache` [] []
[2015-02-26 18:53:24] grav.WARNING: Plugin 'simplesearch' enabled but not found! Try clearing cache with `bin/grav clear-cache` [] []
[2015-02-26 18:53:24] grav.WARNING: Plugin 'videoembed' enabled but not found! Try clearing cache with `bin/grav clear-cache` [] []
[2015-02-26 18:53:25] grav.WARNING: Plugin 'simplesearch' enabled but not found! Try clearing cache with `bin/grav clear-cache` [] []
[2015-02-26 18:53:25] grav.WARNING: Plugin 'videoembed' enabled but not found! Try clearing cache with `bin/grav clear-cache` [] []
[2015-02-26 18:53:26] grav.WARNING: Plugin 'simplesearch' enabled but not found! Try clearing cache with `bin/grav clear-cache` [] []
[2015-02-26 18:53:26] grav.WARNING: Plugin 'videoembed' enabled but not found! Try clearing cache with `bin/grav clear-cache` [] []
[2015-02-26 18:53:42] grav.WARNING: Plugin 'simplesearch' enabled but not found! Try clearing cache with `bin/grav clear-cache` [] []
[2015-02-26 18:53:42] grav.WARNING: Plugin 'videoembed' enabled but not found! Try clearing cache with `bin/grav clear-cache` [] []
[2015-02-26 18:53:43] grav.CRITICAL: Template "default.html.twig" is not defined (). - Trace: #0 /Users/noahheyl/Documents/fog-docs/system/src/Grav/Common/Grav.php(143): Grav\Common\Twig->processSite(NULL) #1 /Users/noahheyl/Documents/fog-docs/vendor/pimple/pimple/src/Pimple/Container.php(112): Grav\Common\Grav::Grav\Common\{closure}(Object(Grav\Common\Grav)) #2 /Users/noahheyl/Documents/fog-docs/system/src/Grav/Common/Grav.php(229): Pimple\Container->offsetGet('output') #3 /Users/noahheyl/Documents/fog-docs/index.php(31): Grav\Common\Grav->process() #4 {main} [] []
[2015-02-26 18:53:44] grav.WARNING: Plugin 'simplesearch' enabled but not found! Try clearing cache with `bin/grav clear-cache` [] []
[2015-02-26 18:53:44] grav.WARNING: Plugin 'videoembed' enabled but not found! Try clearing cache with `bin/grav clear-cache` [] []
[2015-02-26 18:53:44] grav.CRITICAL: Template "default.html.twig" is not defined (). - Trace: #0 /Users/noahheyl/Documents/fog-docs/system/src/Grav/Common/Grav.php(143): Grav\Common\Twig->processSite(NULL) #1 /Users/noahheyl/Documents/fog-docs/vendor/pimple/pimple/src/Pimple/Container.php(112): Grav\Common\Grav::Grav\Common\{closure}(Object(Grav\Common\Grav)) #2 /Users/noahheyl/Documents/fog-docs/system/src/Grav/Common/Grav.php(229): Pimple\Container->offsetGet('output') #3 /Users/noahheyl/Documents/fog-docs/index.php(31): Grav\Common\Grav->process() #4 {main} [] []
[2015-02-26 18:55:24] grav.WARNING: Plugin 'simplesearch' enabled but not found! Try clearing cache with `bin/grav clear-cache` [] []
[2015-02-26 18:55:24] grav.WARNING: Plugin 'videoembed' enabled but not found! Try clearing cache with `bin/grav clear-cache` [] []
[2015-02-26 18:55:25] grav.WARNING: Plugin 'simplesearch' enabled but not found! Try clearing cache with `bin/grav clear-cache` [] []
[2015-02-26 18:55:25] grav.WARNING: Plugin 'videoembed' enabled but not found! Try clearing cache with `bin/grav clear-cache` [] []
[2015-02-26 18:55:37] grav.WARNING: Plugin 'simplesearch' enabled but not found! Try clearing cache with `bin/grav clear-cache` [] []
[2015-02-26 18:55:37] grav.WARNING: Plugin 'videoembed' enabled but not found! Try clearing cache with `bin/grav clear-cache` [] []
[2015-02-26 18:56:02] grav.WARNING: Plugin 'simplesearch' enabled but not found! Try clearing cache with `bin/grav clear-cache` [] []
[2015-02-26 18:56:02] grav.WARNING: Plugin 'videoembed' enabled but not found! Try clearing cache with `bin/grav clear-cache` [] []
[2015-02-26 18:56:04] grav.WARNING: Plugin 'simplesearch' enabled but not found! Try clearing cache with `bin/grav clear-cache` [] []
[2015-02-26 18:56:04] grav.WARNING: Plugin 'videoembed' enabled but not found! Try clearing cache with `bin/grav clear-cache` [] []
[2015-02-26 18:59:12] grav.WARNING: Plugin 'simplesearch' enabled but not found! Try clearing cache with `bin/grav clear-cache` [] []
[2015-02-26 18:59:12] grav.WARNING: Plugin 'videoembed' enabled but not found! Try clearing cache with `bin/grav clear-cache` [] []
[2015-02-26 18:59:25] grav.WARNING: Plugin 'simplesearch' enabled but not found! Try clearing cache with `bin/grav clear-cache` [] []
[2015-02-26 18:59:25] grav.WARNING: Plugin 'videoembed' enabled but not found! Try clearing cache with `bin/grav clear-cache` [] []
[2015-02-26 19:01:22] grav.WARNING: Plugin 'simplesearch' enabled but not found! Try clearing cache with `bin/grav clear-cache` [] []
[2015-02-26 19:01:22] grav.WARNING: Plugin 'videoembed' enabled but not found! Try clearing cache with `bin/grav clear-cache` [] []
[2015-02-26 19:01:22] grav.CRITICAL: A template that extends another one cannot have a body in "default.html.twig" at line 11. - Trace: #0 /Users/noahheyl/Documents/fog-docs/vendor/twig/twig/lib/Twig/Parser.php(383): Twig_Parser->filterBodyNodes(Object(Twig_Node_Text)) #1 /Users/noahheyl/Documents/fog-docs/vendor/twig/twig/lib/Twig/Parser.php(98): Twig_Parser->filterBodyNodes(Object(Twig_Node)) #2 /Users/noahheyl/Documents/fog-docs/vendor/twig/twig/lib/Twig/Environment.php(543): Twig_Parser->parse(Object(Twig_TokenStream)) #3 /Users/noahheyl/Documents/fog-docs/vendor/twig/twig/lib/Twig/Environment.php(595): Twig_Environment->parse(Object(Twig_TokenStream)) #4 /Users/noahheyl/Documents/fog-docs/vendor/twig/twig/lib/Twig/Environment.php(335): Twig_Environment->compileSource('{% extends 'par...', 'default.html.tw...') #5 /Users/noahheyl/Documents/fog-docs/vendor/twig/twig/lib/Twig/Environment.php(293): Twig_Environment->loadTemplate('default.html.tw...') #6 /Users/noahheyl/Documents/fog-docs/system/src/Grav/Common/Twig.php(299): Twig_Environment->render('default.html.tw...', Array) #7 /Users/noahheyl/Documents/fog-docs/system/src/Grav/Common/Grav.php(143): Grav\Common\Twig->processSite(NULL) #8 /Users/noahheyl/Documents/fog-docs/vendor/pimple/pimple/src/Pimple/Container.php(112): Grav\Common\Grav::Grav\Common\{closure}(Object(Grav\Common\Grav)) #9 /Users/noahheyl/Documents/fog-docs/system/src/Grav/Common/Grav.php(229): Pimple\Container->offsetGet('output') #10 /Users/noahheyl/Documents/fog-docs/index.php(31): Grav\Common\Grav->process() #11 {main} [] []
[2015-02-26 19:01:41] grav.WARNING: Plugin 'simplesearch' enabled but not found! Try clearing cache with `bin/grav clear-cache` [] []
[2015-02-26 19:01:41] grav.WARNING: Plugin 'videoembed' enabled but not found! Try clearing cache with `bin/grav clear-cache` [] []
[2015-02-26 19:02:24] grav.WARNING: Plugin 'simplesearch' enabled but not found! Try clearing cache with `bin/grav clear-cache` [] []
[2015-02-26 19:02:24] grav.WARNING: Plugin 'videoembed' enabled but not found! Try clearing cache with `bin/grav clear-cache` [] []
[2015-02-26 19:02:32] grav.WARNING: Plugin 'simplesearch' enabled but not found! Try clearing cache with `bin/grav clear-cache` [] []
[2015-02-26 19:02:32] grav.WARNING: Plugin 'videoembed' enabled but not found! Try clearing cache with `bin/grav clear-cache` [] []
[2015-02-26 19:02:37] grav.WARNING: Plugin 'simplesearch' enabled but not found! Try clearing cache with `bin/grav clear-cache` [] []
[2015-02-26 19:02:37] grav.WARNING: Plugin 'videoembed' enabled but not found! Try clearing cache with `bin/grav clear-cache` [] []
[2015-02-26 19:02:41] grav.WARNING: Plugin 'simplesearch' enabled but not found! Try clearing cache with `bin/grav clear-cache` [] []
[2015-02-26 19:02:41] grav.WARNING: Plugin 'videoembed' enabled but not found! Try clearing cache with `bin/grav clear-cache` [] []
[2015-02-26 19:02:45] grav.WARNING: Plugin 'simplesearch' enabled but not found! Try clearing cache with `bin/grav clear-cache` [] []
[2015-02-26 19:02:45] grav.WARNING: Plugin 'videoembed' enabled but not found! Try clearing cache with `bin/grav clear-cache` [] []
[2015-02-26 19:02:48] grav.WARNING: Plugin 'simplesearch' enabled but not found! Try clearing cache with `bin/grav clear-cache` [] []
[2015-02-26 19:02:48] grav.WARNING: Plugin 'videoembed' enabled but not found! Try clearing cache with `bin/grav clear-cache` [] []
[2015-02-26 19:03:52] grav.WARNING: Plugin 'simplesearch' enabled but not found! Try clearing cache with `bin/grav clear-cache` [] []
[2015-02-26 19:03:52] grav.WARNING: Plugin 'videoembed' enabled but not found! Try clearing cache with `bin/grav clear-cache` [] []
[2015-02-26 19:03:58] grav.WARNING: Plugin 'simplesearch' enabled but not found! Try clearing cache with `bin/grav clear-cache` [] []
[2015-02-26 19:03:58] grav.WARNING: Plugin 'videoembed' enabled but not found! Try clearing cache with `bin/grav clear-cache` [] []
[2015-02-26 19:03:58] grav.WARNING: Plugin 'simplesearch' enabled but not found! Try clearing cache with `bin/grav clear-cache` [] []
[2015-02-26 19:03:58] grav.WARNING: Plugin 'videoembed' enabled but not found! Try clearing cache with `bin/grav clear-cache` [] []
[2015-02-26 19:05:45] grav.WARNING: Plugin 'simplesearch' enabled but not found! Try clearing cache with `bin/grav clear-cache` [] []
[2015-02-26 19:05:45] grav.WARNING: Plugin 'videoembed' enabled but not found! Try clearing cache with `bin/grav clear-cache` [] []
[2015-02-26 19:06:46] grav.WARNING: Plugin 'simplesearch' enabled but not found! Try clearing cache with `bin/grav clear-cache` [] []
[2015-02-26 19:06:46] grav.WARNING: Plugin 'videoembed' enabled but not found! Try clearing cache with `bin/grav clear-cache` [] []
[2015-02-26 19:07:15] grav.WARNING: Plugin 'simplesearch' enabled but not found! Try clearing cache with `bin/grav clear-cache` [] []
[2015-02-26 19:07:15] grav.WARNING: Plugin 'videoembed' enabled but not found! Try clearing cache with `bin/grav clear-cache` [] []
[2015-02-26 19:07:50] grav.WARNING: Plugin 'simplesearch' enabled but not found! Try clearing cache with `bin/grav clear-cache` [] []
[2015-02-26 19:07:50] grav.WARNING: Plugin 'videoembed' enabled but not found! Try clearing cache with `bin/grav clear-cache` [] []
[2015-02-26 19:07:52] grav.WARNING: Plugin 'simplesearch' enabled but not found! Try clearing cache with `bin/grav clear-cache` [] []
[2015-02-26 19:07:52] grav.WARNING: Plugin 'videoembed' enabled but not found! Try clearing cache with `bin/grav clear-cache` [] []
[2015-02-26 19:08:04] grav.WARNING: Plugin 'simplesearch' enabled but not found! Try clearing cache with `bin/grav clear-cache` [] []
[2015-02-26 19:08:04] grav.WARNING: Plugin 'videoembed' enabled but not found! Try clearing cache with `bin/grav clear-cache` [] []
[2015-02-26 19:08:18] grav.WARNING: Plugin 'simplesearch' enabled but not found! Try clearing cache with `bin/grav clear-cache` [] []
[2015-02-26 19:08:18] grav.WARNING: Plugin 'videoembed' enabled but not found! Try clearing cache with `bin/grav clear-cache` [] []
[2015-02-26 19:08:19] grav.WARNING: Plugin 'simplesearch' enabled but not found! Try clearing cache with `bin/grav clear-cache` [] []
[2015-02-26 19:08:19] grav.WARNING: Plugin 'videoembed' enabled but not found! Try clearing cache with `bin/grav clear-cache` [] []
[2015-02-26 19:08:56] grav.WARNING: Plugin 'simplesearch' enabled but not found! Try clearing cache with `bin/grav clear-cache` [] []
[2015-02-26 19:08:56] grav.WARNING: Plugin 'videoembed' enabled but not found! Try clearing cache with `bin/grav clear-cache` [] []
[2015-02-26 19:09:05] grav.WARNING: Plugin 'simplesearch' enabled but not found! Try clearing cache with `bin/grav clear-cache` [] []
[2015-02-26 19:09:05] grav.WARNING: Plugin 'videoembed' enabled but not found! Try clearing cache with `bin/grav clear-cache` [] []
[2015-02-26 19:09:06] grav.WARNING: Plugin 'simplesearch' enabled but not found! Try clearing cache with `bin/grav clear-cache` [] []
[2015-02-26 19:09:06] grav.WARNING: Plugin 'videoembed' enabled but not found! Try clearing cache with `bin/grav clear-cache` [] []
[2015-02-26 19:09:28] grav.WARNING: Plugin 'simplesearch' enabled but not found! Try clearing cache with `bin/grav clear-cache` [] []
[2015-02-26 19:09:28] grav.WARNING: Plugin 'videoembed' enabled but not found! Try clearing cache with `bin/grav clear-cache` [] []
[2015-02-26 19:10:03] grav.WARNING: Plugin 'simplesearch' enabled but not found! Try clearing cache with `bin/grav clear-cache` [] []
[2015-02-26 19:10:03] grav.WARNING: Plugin 'videoembed' enabled but not found! Try clearing cache with `bin/grav clear-cache` [] []
[2015-02-26 19:11:00] grav.WARNING: Plugin 'simplesearch' enabled but not found! Try clearing cache with `bin/grav clear-cache` [] []
[2015-02-26 19:11:00] grav.WARNING: Plugin 'videoembed' enabled but not found! Try clearing cache with `bin/grav clear-cache` [] []
[2015-02-26 19:11:49] grav.WARNING: Plugin 'simplesearch' enabled but not found! Try clearing cache with `bin/grav clear-cache` [] []
[2015-02-26 19:11:49] grav.WARNING: Plugin 'videoembed' enabled but not found! Try clearing cache with `bin/grav clear-cache` [] []
[2015-02-26 19:11:57] grav.WARNING: Plugin 'simplesearch' enabled but not found! Try clearing cache with `bin/grav clear-cache` [] []
[2015-02-26 19:11:57] grav.WARNING: Plugin 'videoembed' enabled but not found! Try clearing cache with `bin/grav clear-cache` [] []
[2015-02-26 19:12:05] grav.WARNING: Plugin 'simplesearch' enabled but not found! Try clearing cache with `bin/grav clear-cache` [] []
[2015-02-26 19:12:05] grav.WARNING: Plugin 'videoembed' enabled but not found! Try clearing cache with `bin/grav clear-cache` [] []
[2015-02-26 19:12:15] grav.WARNING: Plugin 'simplesearch' enabled but not found! Try clearing cache with `bin/grav clear-cache` [] []
[2015-02-26 19:12:15] grav.WARNING: Plugin 'videoembed' enabled but not found! Try clearing cache with `bin/grav clear-cache` [] []
[2015-02-26 19:13:15] grav.WARNING: Plugin 'simplesearch' enabled but not found! Try clearing cache with `bin/grav clear-cache` [] []
[2015-02-26 19:13:15] grav.WARNING: Plugin 'videoembed' enabled but not found! Try clearing cache with `bin/grav clear-cache` [] []
[2015-02-26 19:13:26] grav.WARNING: Plugin 'simplesearch' enabled but not found! Try clearing cache with `bin/grav clear-cache` [] []
[2015-02-26 19:13:26] grav.WARNING: Plugin 'videoembed' enabled but not found! Try clearing cache with `bin/grav clear-cache` [] []
[2015-02-26 19:13:32] grav.WARNING: Plugin 'simplesearch' enabled but not found! Try clearing cache with `bin/grav clear-cache` [] []
[2015-02-26 19:13:32] grav.WARNING: Plugin 'videoembed' enabled but not found! Try clearing cache with `bin/grav clear-cache` [] []
[2015-02-26 19:13:37] grav.WARNING: Plugin 'simplesearch' enabled but not found! Try clearing cache with `bin/grav clear-cache` [] []
[2015-02-26 19:13:37] grav.WARNING: Plugin 'videoembed' enabled but not found! Try clearing cache with `bin/grav clear-cache` [] []
[2015-02-26 19:13:44] grav.WARNING: Plugin 'simplesearch' enabled but not found! Try clearing cache with `bin/grav clear-cache` [] []
[2015-02-26 19:13:44] grav.WARNING: Plugin 'videoembed' enabled but not found! Try clearing cache with `bin/grav clear-cache` [] []
[2015-02-26 19:13:50] grav.WARNING: Plugin 'simplesearch' enabled but not found! Try clearing cache with `bin/grav clear-cache` [] []
[2015-02-26 19:13:50] grav.WARNING: Plugin 'videoembed' enabled but not found! Try clearing cache with `bin/grav clear-cache` [] []
[2015-02-26 19:14:32] grav.WARNING: Plugin 'simplesearch' enabled but not found! Try clearing cache with `bin/grav clear-cache` [] []
[2015-02-26 19:14:32] grav.WARNING: Plugin 'videoembed' enabled but not found! Try clearing cache with `bin/grav clear-cache` [] []
[2015-02-26 19:15:46] grav.WARNING: Plugin 'simplesearch' enabled but not found! Try clearing cache with `bin/grav clear-cache` [] []
[2015-02-26 19:15:46] grav.WARNING: Plugin 'videoembed' enabled but not found! Try clearing cache with `bin/grav clear-cache` [] []
[2015-02-26 19:15:56] grav.WARNING: Plugin 'simplesearch' enabled but not found! Try clearing cache with `bin/grav clear-cache` [] []
[2015-02-26 19:15:56] grav.WARNING: Plugin 'videoembed' enabled but not found! Try clearing cache with `bin/grav clear-cache` [] []
[2015-02-26 19:15:59] grav.WARNING: Plugin 'simplesearch' enabled but not found! Try clearing cache with `bin/grav clear-cache` [] []
[2015-02-26 19:15:59] grav.WARNING: Plugin 'videoembed' enabled but not found! Try clearing cache with `bin/grav clear-cache` [] []
[2015-02-26 19:17:04] grav.WARNING: Plugin 'simplesearch' enabled but not found! Try clearing cache with `bin/grav clear-cache` [] []
[2015-02-26 19:17:04] grav.WARNING: Plugin 'videoembed' enabled but not found! Try clearing cache with `bin/grav clear-cache` [] []
[2015-02-26 19:17:05] grav.WARNING: Plugin 'simplesearch' enabled but not found! Try clearing cache with `bin/grav clear-cache` [] []
[2015-02-26 19:17:05] grav.WARNING: Plugin 'videoembed' enabled but not found! Try clearing cache with `bin/grav clear-cache` [] []
[2015-02-26 19:17:28] grav.WARNING: Plugin 'simplesearch' enabled but not found! Try clearing cache with `bin/grav clear-cache` [] []
[2015-02-26 19:17:28] grav.WARNING: Plugin 'videoembed' enabled but not found! Try clearing cache with `bin/grav clear-cache` [] []
[2015-02-26 19:18:44] grav.WARNING: Plugin 'simplesearch' enabled but not found! Try clearing cache with `bin/grav clear-cache` [] []
[2015-02-26 19:18:44] grav.WARNING: Plugin 'videoembed' enabled but not found! Try clearing cache with `bin/grav clear-cache` [] []
[2015-02-26 19:21:30] grav.WARNING: Plugin 'simplesearch' enabled but not found! Try clearing cache with `bin/grav clear-cache` [] []
[2015-02-26 19:21:30] grav.WARNING: Plugin 'videoembed' enabled but not found! Try clearing cache with `bin/grav clear-cache` [] []
[2015-02-26 19:22:04] grav.WARNING: Plugin 'simplesearch' enabled but not found! Try clearing cache with `bin/grav clear-cache` [] []
[2015-02-26 19:22:04] grav.WARNING: Plugin 'videoembed' enabled but not found! Try clearing cache with `bin/grav clear-cache` [] []
[2015-02-26 19:22:40] grav.WARNING: Plugin 'simplesearch' enabled but not found! Try clearing cache with `bin/grav clear-cache` [] []
[2015-02-26 19:22:40] grav.WARNING: Plugin 'videoembed' enabled but not found! Try clearing cache with `bin/grav clear-cache` [] []
[2015-02-26 19:23:28] grav.WARNING: Plugin 'simplesearch' enabled but not found! Try clearing cache with `bin/grav clear-cache` [] []
[2015-02-26 19:23:28] grav.WARNING: Plugin 'videoembed' enabled but not found! Try clearing cache with `bin/grav clear-cache` [] []
[2015-02-26 19:23:50] grav.WARNING: Plugin 'simplesearch' enabled but not found! Try clearing cache with `bin/grav clear-cache` [] []
[2015-02-26 19:23:50] grav.WARNING: Plugin 'videoembed' enabled but not found! Try clearing cache with `bin/grav clear-cache` [] []
[2015-02-26 19:23:51] grav.WARNING: Plugin 'simplesearch' enabled but not found! Try clearing cache with `bin/grav clear-cache` [] []
[2015-02-26 19:23:51] grav.WARNING: Plugin 'videoembed' enabled but not found! Try clearing cache with `bin/grav clear-cache` [] []
[2015-02-26 19:26:03] grav.WARNING: Plugin 'simplesearch' enabled but not found! Try clearing cache with `bin/grav clear-cache` [] []
[2015-02-26 19:26:03] grav.WARNING: Plugin 'videoembed' enabled but not found! Try clearing cache with `bin/grav clear-cache` [] []
[2015-02-26 19:26:41] grav.WARNING: Plugin 'simplesearch' enabled but not found! Try clearing cache with `bin/grav clear-cache` [] []
[2015-02-26 19:26:41] grav.WARNING: Plugin 'videoembed' enabled but not found! Try clearing cache with `bin/grav clear-cache` [] []
[2015-02-26 19:27:03] grav.WARNING: Plugin 'simplesearch' enabled but not found! Try clearing cache with `bin/grav clear-cache` [] []
[2015-02-26 19:27:03] grav.WARNING: Plugin 'videoembed' enabled but not found! Try clearing cache with `bin/grav clear-cache` [] []
[2015-02-26 19:28:04] grav.WARNING: Plugin 'simplesearch' enabled but not found! Try clearing cache with `bin/grav clear-cache` [] []
[2015-02-26 19:28:04] grav.WARNING: Plugin 'videoembed' enabled but not found! Try clearing cache with `bin/grav clear-cache` [] []
[2015-02-26 19:28:21] grav.WARNING: Plugin 'simplesearch' enabled but not found! Try clearing cache with `bin/grav clear-cache` [] []
[2015-02-26 19:28:21] grav.WARNING: Plugin 'videoembed' enabled but not found! Try clearing cache with `bin/grav clear-cache` [] []
[2015-02-26 19:28:43] grav.WARNING: Plugin 'simplesearch' enabled but not found! Try clearing cache with `bin/grav clear-cache` [] []
[2015-02-26 19:28:43] grav.WARNING: Plugin 'videoembed' enabled but not found! Try clearing cache with `bin/grav clear-cache` [] []
[2015-02-26 19:29:50] grav.WARNING: Plugin 'simplesearch' enabled but not found! Try clearing cache with `bin/grav clear-cache` [] []
[2015-02-26 19:29:50] grav.WARNING: Plugin 'videoembed' enabled but not found! Try clearing cache with `bin/grav clear-cache` [] []
[2015-02-26 19:31:34] grav.WARNING: Plugin 'simplesearch' enabled but not found! Try clearing cache with `bin/grav clear-cache` [] []
[2015-02-26 19:31:34] grav.WARNING: Plugin 'videoembed' enabled but not found! Try clearing cache with `bin/grav clear-cache` [] []
[2015-02-26 19:33:53] grav.WARNING: Plugin 'simplesearch' enabled but not found! Try clearing cache with `bin/grav clear-cache` [] []
[2015-02-26 19:33:53] grav.WARNING: Plugin 'videoembed' enabled but not found! Try clearing cache with `bin/grav clear-cache` [] []
[2015-02-26 19:34:27] grav.WARNING: Plugin 'simplesearch' enabled but not found! Try clearing cache with `bin/grav clear-cache` [] []
[2015-02-26 19:34:27] grav.WARNING: Plugin 'videoembed' enabled but not found! Try clearing cache with `bin/grav clear-cache` [] []
[2015-02-26 19:34:56] grav.WARNING: Plugin 'simplesearch' enabled but not found! Try clearing cache with `bin/grav clear-cache` [] []
[2015-02-26 19:34:56] grav.WARNING: Plugin 'videoembed' enabled but not found! Try clearing cache with `bin/grav clear-cache` [] []
[2015-02-26 19:34:57] grav.WARNING: Plugin 'simplesearch' enabled but not found! Try clearing cache with `bin/grav clear-cache` [] []
[2015-02-26 19:34:57] grav.WARNING: Plugin 'videoembed' enabled but not found! Try clearing cache with `bin/grav clear-cache` [] []
[2015-02-26 19:36:04] grav.WARNING: Plugin 'simplesearch' enabled but not found! Try clearing cache with `bin/grav clear-cache` [] []
[2015-02-26 19:36:04] grav.WARNING: Plugin 'videoembed' enabled but not found! Try clearing cache with `bin/grav clear-cache` [] []
[2015-02-26 19:36:40] grav.WARNING: Plugin 'simplesearch' enabled but not found! Try clearing cache with `bin/grav clear-cache` [] []
[2015-02-26 19:36:40] grav.WARNING: Plugin 'videoembed' enabled but not found! Try clearing cache with `bin/grav clear-cache` [] []
[2015-02-26 19:37:07] grav.WARNING: Plugin 'simplesearch' enabled but not found! Try clearing cache with `bin/grav clear-cache` [] []
[2015-02-26 19:37:07] grav.WARNING: Plugin 'videoembed' enabled but not found! Try clearing cache with `bin/grav clear-cache` [] []
[2015-02-26 19:38:11] grav.WARNING: Plugin 'simplesearch' enabled but not found! Try clearing cache with `bin/grav clear-cache` [] []
[2015-02-26 19:38:11] grav.WARNING: Plugin 'videoembed' enabled but not found! Try clearing cache with `bin/grav clear-cache` [] []
[2015-02-26 19:38:12] grav.WARNING: Plugin 'simplesearch' enabled but not found! Try clearing cache with `bin/grav clear-cache` [] []
[2015-02-26 19:38:12] grav.WARNING: Plugin 'videoembed' enabled but not found! Try clearing cache with `bin/grav clear-cache` [] []
[2015-02-26 19:38:45] grav.WARNING: Plugin 'simplesearch' enabled but not found! Try clearing cache with `bin/grav clear-cache` [] []
[2015-02-26 19:38:45] grav.WARNING: Plugin 'videoembed' enabled but not found! Try clearing cache with `bin/grav clear-cache` [] []
[2015-02-26 19:38:54] grav.WARNING: Plugin 'simplesearch' enabled but not found! Try clearing cache with `bin/grav clear-cache` [] []
[2015-02-26 19:38:54] grav.WARNING: Plugin 'videoembed' enabled but not found! Try clearing cache with `bin/grav clear-cache` [] []
[2015-02-26 19:39:34] grav.WARNING: Plugin 'simplesearch' enabled but not found! Try clearing cache with `bin/grav clear-cache` [] []
[2015-02-26 19:39:34] grav.WARNING: Plugin 'videoembed' enabled but not found! Try clearing cache with `bin/grav clear-cache` [] []
[2015-02-26 19:59:17] grav.WARNING: Plugin 'simplesearch' enabled but not found! Try clearing cache with `bin/grav clear-cache` [] []
[2015-02-26 19:59:17] grav.WARNING: Plugin 'videoembed' enabled but not found! Try clearing cache with `bin/grav clear-cache` [] []
[2015-02-26 19:59:33] grav.WARNING: Plugin 'simplesearch' enabled but not found! Try clearing cache with `bin/grav clear-cache` [] []
[2015-02-26 19:59:33] grav.WARNING: Plugin 'videoembed' enabled but not found! Try clearing cache with `bin/grav clear-cache` [] []
[2015-02-26 19:59:35] grav.WARNING: Plugin 'simplesearch' enabled but not found! Try clearing cache with `bin/grav clear-cache` [] []
[2015-02-26 19:59:35] grav.WARNING: Plugin 'videoembed' enabled but not found! Try clearing cache with `bin/grav clear-cache` [] []
[2015-02-26 19:59:37] grav.WARNING: Plugin 'simplesearch' enabled but not found! Try clearing cache with `bin/grav clear-cache` [] []
[2015-02-26 19:59:37] grav.WARNING: Plugin 'videoembed' enabled but not found! Try clearing cache with `bin/grav clear-cache` [] []
[2015-02-26 20:17:30] grav.WARNING: Plugin 'simplesearch' enabled but not found! Try clearing cache with `bin/grav clear-cache` [] []
[2015-02-26 20:17:30] grav.WARNING: Plugin 'videoembed' enabled but not found! Try clearing cache with `bin/grav clear-cache` [] []
[2015-02-26 20:27:26] grav.WARNING: Plugin 'simplesearch' enabled but not found! Try clearing cache with `bin/grav clear-cache` [] []
[2015-02-26 20:27:26] grav.WARNING: Plugin 'videoembed' enabled but not found! Try clearing cache with `bin/grav clear-cache` [] []
[2015-02-26 20:27:36] grav.WARNING: Plugin 'simplesearch' enabled but not found! Try clearing cache with `bin/grav clear-cache` [] []
[2015-02-26 20:27:36] grav.WARNING: Plugin 'videoembed' enabled but not found! Try clearing cache with `bin/grav clear-cache` [] []
[2015-02-26 20:27:41] grav.WARNING: Plugin 'simplesearch' enabled but not found! Try clearing cache with `bin/grav clear-cache` [] []
[2015-02-26 20:27:41] grav.WARNING: Plugin 'videoembed' enabled but not found! Try clearing cache with `bin/grav clear-cache` [] []
[2015-02-26 20:29:24] grav.WARNING: Plugin 'simplesearch' enabled but not found! Try clearing cache with `bin/grav clear-cache` [] []
[2015-02-26 20:29:24] grav.WARNING: Plugin 'videoembed' enabled but not found! Try clearing cache with `bin/grav clear-cache` [] []
[2015-02-26 20:29:28] grav.WARNING: Plugin 'simplesearch' enabled but not found! Try clearing cache with `bin/grav clear-cache` [] []
[2015-02-26 20:29:28] grav.WARNING: Plugin 'videoembed' enabled but not found! Try clearing cache with `bin/grav clear-cache` [] []
[2015-02-26 20:29:31] grav.WARNING: Plugin 'simplesearch' enabled but not found! Try clearing cache with `bin/grav clear-cache` [] []
[2015-02-26 20:29:31] grav.WARNING: Plugin 'videoembed' enabled but not found! Try clearing cache with `bin/grav clear-cache` [] []
[2015-02-26 20:30:00] grav.WARNING: Plugin 'simplesearch' enabled but not found! Try clearing cache with `bin/grav clear-cache` [] []
[2015-02-26 20:30:01] grav.WARNING: Plugin 'videoembed' enabled but not found! Try clearing cache with `bin/grav clear-cache` [] []
[2015-02-26 20:30:06] grav.WARNING: Plugin 'simplesearch' enabled but not found! Try clearing cache with `bin/grav clear-cache` [] []
[2015-02-26 20:30:06] grav.WARNING: Plugin 'videoembed' enabled but not found! Try clearing cache with `bin/grav clear-cache` [] []
[2015-02-26 20:30:10] grav.WARNING: Plugin 'simplesearch' enabled but not found! Try clearing cache with `bin/grav clear-cache` [] []
[2015-02-26 20:30:10] grav.WARNING: Plugin 'videoembed' enabled but not found! Try clearing cache with `bin/grav clear-cache` [] []
[2015-02-26 20:30:15] grav.WARNING: Plugin 'simplesearch' enabled but not found! Try clearing cache with `bin/grav clear-cache` [] []
[2015-02-26 20:30:15] grav.WARNING: Plugin 'videoembed' enabled but not found! Try clearing cache with `bin/grav clear-cache` [] []
[2015-02-26 20:30:27] grav.WARNING: Plugin 'simplesearch' enabled but not found! Try clearing cache with `bin/grav clear-cache` [] []
[2015-02-26 20:30:27] grav.WARNING: Plugin 'videoembed' enabled but not found! Try clearing cache with `bin/grav clear-cache` [] []
[2015-02-26 20:30:35] grav.WARNING: Plugin 'simplesearch' enabled but not found! Try clearing cache with `bin/grav clear-cache` [] []
[2015-02-26 20:30:35] grav.WARNING: Plugin 'videoembed' enabled but not found! Try clearing cache with `bin/grav clear-cache` [] []
[2015-02-26 20:30:38] grav.WARNING: Plugin 'simplesearch' enabled but not found! Try clearing cache with `bin/grav clear-cache` [] []
[2015-02-26 20:30:38] grav.WARNING: Plugin 'videoembed' enabled but not found! Try clearing cache with `bin/grav clear-cache` [] []
[2015-02-26 21:50:09] grav.WARNING: Plugin 'simplesearch' enabled but not found! Try clearing cache with `bin/grav clear-cache` [] []
[2015-02-26 21:50:09] grav.WARNING: Plugin 'videoembed' enabled but not found! Try clearing cache with `bin/grav clear-cache` [] []
[2015-02-27 02:56:43] grav.WARNING: Plugin 'simplesearch' enabled but not found! Try clearing cache with `bin/grav clear-cache` [] []
[2015-02-27 02:56:43] grav.WARNING: Plugin 'videoembed' enabled but not found! Try clearing cache with `bin/grav clear-cache` [] []
[2015-02-27 02:56:54] grav.WARNING: Plugin 'simplesearch' enabled but not found! Try clearing cache with `bin/grav clear-cache` [] []
[2015-02-27 02:56:54] grav.WARNING: Plugin 'videoembed' enabled but not found! Try clearing cache with `bin/grav clear-cache` [] []
[2015-02-27 02:57:12] grav.WARNING: Plugin 'simplesearch' enabled but not found! Try clearing cache with `bin/grav clear-cache` [] []
[2015-02-27 02:57:12] grav.WARNING: Plugin 'videoembed' enabled but not found! Try clearing cache with `bin/grav clear-cache` [] []
[2015-02-27 02:57:14] grav.WARNING: Plugin 'simplesearch' enabled but not found! Try clearing cache with `bin/grav clear-cache` [] []
[2015-02-27 02:57:14] grav.WARNING: Plugin 'videoembed' enabled but not found! Try clearing cache with `bin/grav clear-cache` [] []
[2015-02-27 02:57:19] grav.WARNING: Plugin 'simplesearch' enabled but not found! Try clearing cache with `bin/grav clear-cache` [] []
[2015-02-27 02:57:19] grav.WARNING: Plugin 'videoembed' enabled but not found! Try clearing cache with `bin/grav clear-cache` [] []
[2015-02-27 02:57:26] grav.WARNING: Plugin 'simplesearch' enabled but not found! Try clearing cache with `bin/grav clear-cache` [] []
[2015-02-27 02:57:26] grav.WARNING: Plugin 'videoembed' enabled but not found! Try clearing cache with `bin/grav clear-cache` [] []
[2015-02-27 02:57:31] grav.WARNING: Plugin 'simplesearch' enabled but not found! Try clearing cache with `bin/grav clear-cache` [] []
[2015-02-27 02:57:31] grav.WARNING: Plugin 'videoembed' enabled but not found! Try clearing cache with `bin/grav clear-cache` [] []
[2015-02-27 02:57:58] grav.WARNING: Plugin 'simplesearch' enabled but not found! Try clearing cache with `bin/grav clear-cache` [] []
[2015-02-27 02:57:58] grav.WARNING: Plugin 'videoembed' enabled but not found! Try clearing cache with `bin/grav clear-cache` [] []
[2015-02-27 02:58:11] grav.WARNING: Plugin 'simplesearch' enabled but not found! Try clearing cache with `bin/grav clear-cache` [] []
[2015-02-27 02:58:11] grav.WARNING: Plugin 'videoembed' enabled but not found! Try clearing cache with `bin/grav clear-cache` [] []
[2015-02-27 03:00:44] grav.WARNING: Plugin 'simplesearch' enabled but not found! Try clearing cache with `bin/grav clear-cache` [] []
[2015-02-27 03:00:44] grav.WARNING: Plugin 'videoembed' enabled but not found! Try clearing cache with `bin/grav clear-cache` [] []
[2015-02-27 03:00:54] grav.WARNING: Plugin 'simplesearch' enabled but not found! Try clearing cache with `bin/grav clear-cache` [] []
[2015-02-27 03:00:54] grav.WARNING: Plugin 'videoembed' enabled but not found! Try clearing cache with `bin/grav clear-cache` [] []
[2015-02-27 03:01:53] grav.WARNING: Plugin 'simplesearch' enabled but not found! Try clearing cache with `bin/grav clear-cache` [] []
[2015-02-27 03:01:53] grav.WARNING: Plugin 'videoembed' enabled but not found! Try clearing cache with `bin/grav clear-cache` [] []
[2015-02-27 03:02:37] grav.WARNING: Plugin 'simplesearch' enabled but not found! Try clearing cache with `bin/grav clear-cache` [] []
[2015-02-27 03:02:37] grav.WARNING: Plugin 'videoembed' enabled but not found! Try clearing cache with `bin/grav clear-cache` [] []
[2015-02-27 03:10:12] grav.WARNING: Plugin 'simplesearch' enabled but not found! Try clearing cache with `bin/grav clear-cache` [] []
[2015-02-27 03:10:12] grav.WARNING: Plugin 'videoembed' enabled but not found! Try clearing cache with `bin/grav clear-cache` [] []
[2015-02-27 05:02:21] grav.WARNING: Plugin 'simplesearch' enabled but not found! Try clearing cache with `bin/grav clear-cache` [] []
[2015-02-27 05:02:21] grav.WARNING: Plugin 'videoembed' enabled but not found! Try clearing cache with `bin/grav clear-cache` [] []
[2015-02-27 05:02:25] grav.WARNING: Plugin 'simplesearch' enabled but not found! Try clearing cache with `bin/grav clear-cache` [] []
[2015-02-27 05:02:25] grav.WARNING: Plugin 'videoembed' enabled but not found! Try clearing cache with `bin/grav clear-cache` [] []
[2015-02-27 05:02:30] grav.WARNING: Plugin 'simplesearch' enabled but not found! Try clearing cache with `bin/grav clear-cache` [] []
[2015-02-27 05:02:30] grav.WARNING: Plugin 'videoembed' enabled but not found! Try clearing cache with `bin/grav clear-cache` [] []
[2015-02-27 05:02:34] grav.WARNING: Plugin 'simplesearch' enabled but not found! Try clearing cache with `bin/grav clear-cache` [] []
[2015-02-27 05:02:34] grav.WARNING: Plugin 'videoembed' enabled but not found! Try clearing cache with `bin/grav clear-cache` [] []
[2015-03-05 00:11:26] grav.WARNING: Plugin 'simplesearch' enabled but not found! Try clearing cache with `bin/grav clear-cache` [] []
[2015-03-05 00:11:26] grav.WARNING: Plugin 'videoembed' enabled but not found! Try clearing cache with `bin/grav clear-cache` [] []
[2015-03-05 00:12:42] grav.WARNING: Plugin 'simplesearch' enabled but not found! Try clearing cache with `bin/grav clear-cache` [] []
[2015-03-05 00:12:42] grav.WARNING: Plugin 'videoembed' enabled but not found! Try clearing cache with `bin/grav clear-cache` [] []
[2015-03-05 00:12:44] grav.WARNING: Plugin 'simplesearch' enabled but not found! Try clearing cache with `bin/grav clear-cache` [] []
[2015-03-05 00:12:44] grav.WARNING: Plugin 'videoembed' enabled but not found! Try clearing cache with `bin/grav clear-cache` [] []
[2015-03-05 00:13:15] grav.WARNING: Plugin 'simplesearch' enabled but not found! Try clearing cache with `bin/grav clear-cache` [] []
[2015-03-05 00:13:15] grav.WARNING: Plugin 'videoembed' enabled but not found! Try clearing cache with `bin/grav clear-cache` [] []
[2015-03-05 00:13:28] grav.WARNING: Plugin 'simplesearch' enabled but not found! Try clearing cache with `bin/grav clear-cache` [] []
[2015-03-05 00:13:28] grav.WARNING: Plugin 'videoembed' enabled but not found! Try clearing cache with `bin/grav clear-cache` [] []
[2015-03-05 00:13:37] grav.WARNING: Plugin 'simplesearch' enabled but not found! Try clearing cache with `bin/grav clear-cache` [] []
[2015-03-05 00:13:37] grav.WARNING: Plugin 'videoembed' enabled but not found! Try clearing cache with `bin/grav clear-cache` [] []
[2015-03-05 00:16:25] grav.WARNING: Plugin 'simplesearch' enabled but not found! Try clearing cache with `bin/grav clear-cache` [] []
[2015-03-05 00:16:25] grav.WARNING: Plugin 'videoembed' enabled but not found! Try clearing cache with `bin/grav clear-cache` [] []
[2015-03-05 00:16:29] grav.WARNING: Plugin 'simplesearch' enabled but not found! Try clearing cache with `bin/grav clear-cache` [] []
[2015-03-05 00:16:29] grav.WARNING: Plugin 'videoembed' enabled but not found! Try clearing cache with `bin/grav clear-cache` [] []
[2015-03-05 00:24:43] grav.WARNING: Plugin 'simplesearch' enabled but not found! Try clearing cache with `bin/grav clear-cache` [] []
[2015-03-05 00:24:43] grav.WARNING: Plugin 'videoembed' enabled but not found! Try clearing cache with `bin/grav clear-cache` [] []
[2015-03-05 00:41:27] grav.WARNING: Plugin 'simplesearch' enabled but not found! Try clearing cache with `bin/grav clear-cache` [] []
[2015-03-05 00:41:27] grav.WARNING: Plugin 'videoembed' enabled but not found! Try clearing cache with `bin/grav clear-cache` [] []
[2015-03-05 00:41:40] grav.WARNING: Plugin 'simplesearch' enabled but not found! Try clearing cache with `bin/grav clear-cache` [] []
[2015-03-05 00:41:40] grav.WARNING: Plugin 'videoembed' enabled but not found! Try clearing cache with `bin/grav clear-cache` [] []
[2015-03-05 00:46:02] grav.WARNING: Plugin 'simplesearch' enabled but not found! Try clearing cache with `bin/grav clear-cache` [] []
[2015-03-05 00:46:02] grav.WARNING: Plugin 'videoembed' enabled but not found! Try clearing cache with `bin/grav clear-cache` [] []
[2015-03-05 00:46:04] grav.WARNING: Plugin 'simplesearch' enabled but not found! Try clearing cache with `bin/grav clear-cache` [] []
[2015-03-05 00:46:04] grav.WARNING: Plugin 'videoembed' enabled but not found! Try clearing cache with `bin/grav clear-cache` [] []
[2015-03-05 00:56:41] grav.WARNING: Plugin 'simplesearch' enabled but not found! Try clearing cache with `bin/grav clear-cache` [] []
[2015-03-05 00:56:41] grav.WARNING: Plugin 'videoembed' enabled but not found! Try clearing cache with `bin/grav clear-cache` [] []
[2015-03-05 00:56:43] grav.WARNING: Plugin 'simplesearch' enabled but not found! Try clearing cache with `bin/grav clear-cache` [] []
[2015-03-05 00:56:43] grav.WARNING: Plugin 'videoembed' enabled but not found! Try clearing cache with `bin/grav clear-cache` [] []
[2015-03-05 00:57:06] grav.WARNING: Plugin 'simplesearch' enabled but not found! Try clearing cache with `bin/grav clear-cache` [] []
[2015-03-05 00:57:06] grav.WARNING: Plugin 'videoembed' enabled but not found! Try clearing cache with `bin/grav clear-cache` [] []
[2015-03-05 01:05:52] grav.WARNING: Plugin 'simplesearch' enabled but not found! Try clearing cache with `bin/grav clear-cache` [] []
[2015-03-05 01:05:52] grav.WARNING: Plugin 'videoembed' enabled but not found! Try clearing cache with `bin/grav clear-cache` [] []
[2015-03-05 01:06:14] grav.WARNING: Plugin 'simplesearch' enabled but not found! Try clearing cache with `bin/grav clear-cache` [] []
[2015-03-05 01:06:14] grav.WARNING: Plugin 'videoembed' enabled but not found! Try clearing cache with `bin/grav clear-cache` [] []
[2015-03-05 01:06:24] grav.WARNING: Plugin 'simplesearch' enabled but not found! Try clearing cache with `bin/grav clear-cache` [] []
[2015-03-05 01:06:24] grav.WARNING: Plugin 'videoembed' enabled but not found! Try clearing cache with `bin/grav clear-cache` [] []
[2015-03-05 01:10:55] grav.WARNING: Plugin 'simplesearch' enabled but not found! Try clearing cache with `bin/grav clear-cache` [] []
[2015-03-05 01:10:55] grav.WARNING: Plugin 'videoembed' enabled but not found! Try clearing cache with `bin/grav clear-cache` [] []
[2015-03-23 17:15:02] grav.WARNING: Plugin 'simplesearch' enabled but not found! Try clearing cache with `bin/grav clear-cache` [] []
[2015-03-23 17:15:02] grav.WARNING: Plugin 'videoembed' enabled but not found! Try clearing cache with `bin/grav clear-cache` [] []
[2015-03-23 17:15:57] grav.WARNING: Plugin 'simplesearch' enabled but not found! Try clearing cache with `bin/grav clear-cache` [] []
[2015-03-23 17:15:57] grav.WARNING: Plugin 'videoembed' enabled but not found! Try clearing cache with `bin/grav clear-cache` [] []
[2015-03-23 17:16:01] grav.WARNING: Plugin 'simplesearch' enabled but not found! Try clearing cache with `bin/grav clear-cache` [] []
[2015-03-23 17:16:01] grav.WARNING: Plugin 'videoembed' enabled but not found! Try clearing cache with `bin/grav clear-cache` [] []
[2015-03-23 17:16:04] grav.WARNING: Plugin 'simplesearch' enabled but not found! Try clearing cache with `bin/grav clear-cache` [] []
[2015-03-23 17:16:04] grav.WARNING: Plugin 'videoembed' enabled but not found! Try clearing cache with `bin/grav clear-cache` [] []
[2015-03-23 17:16:20] grav.WARNING: Plugin 'simplesearch' enabled but not found! Try clearing cache with `bin/grav clear-cache` [] []
[2015-03-23 17:16:20] grav.WARNING: Plugin 'videoembed' enabled but not found! Try clearing cache with `bin/grav clear-cache` [] []
[2015-03-23 17:16:21] grav.WARNING: Plugin 'simplesearch' enabled but not found! Try clearing cache with `bin/grav clear-cache` [] []
[2015-03-23 17:16:21] grav.WARNING: Plugin 'videoembed' enabled but not found! Try clearing cache with `bin/grav clear-cache` [] []
[2015-03-23 17:16:21] grav.WARNING: Plugin 'simplesearch' enabled but not found! Try clearing cache with `bin/grav clear-cache` [] []
[2015-03-23 17:16:21] grav.WARNING: Plugin 'videoembed' enabled but not found! Try clearing cache with `bin/grav clear-cache` [] []
[2015-03-23 17:16:22] grav.WARNING: Plugin 'simplesearch' enabled but not found! Try clearing cache with `bin/grav clear-cache` [] []
[2015-03-23 17:16:22] grav.WARNING: Plugin 'videoembed' enabled but not found! Try clearing cache with `bin/grav clear-cache` [] []
[2015-03-23 17:17:14] grav.WARNING: Plugin 'simplesearch' enabled but not found! Try clearing cache with `bin/grav clear-cache` [] []
[2015-03-23 17:17:14] grav.WARNING: Plugin 'videoembed' enabled but not found! Try clearing cache with `bin/grav clear-cache` [] []
[2015-03-23 17:17:15] grav.WARNING: Plugin 'simplesearch' enabled but not found! Try clearing cache with `bin/grav clear-cache` [] []
[2015-03-23 17:17:15] grav.WARNING: Plugin 'videoembed' enabled but not found! Try clearing cache with `bin/grav clear-cache` [] []
[2015-03-23 17:17:24] grav.WARNING: Plugin 'simplesearch' enabled but not found! Try clearing cache with `bin/grav clear-cache` [] []
[2015-03-23 17:17:24] grav.WARNING: Plugin 'videoembed' enabled but not found! Try clearing cache with `bin/grav clear-cache` [] []
[2015-03-23 17:17:25] grav.WARNING: Plugin 'simplesearch' enabled but not found! Try clearing cache with `bin/grav clear-cache` [] []
[2015-03-23 17:17:25] grav.WARNING: Plugin 'videoembed' enabled but not found! Try clearing cache with `bin/grav clear-cache` [] []
[2015-03-23 17:17:34] grav.WARNING: Plugin 'simplesearch' enabled but not found! Try clearing cache with `bin/grav clear-cache` [] []
[2015-03-23 17:17:34] grav.WARNING: Plugin 'videoembed' enabled but not found! Try clearing cache with `bin/grav clear-cache` [] []
[2015-03-23 17:17:37] grav.WARNING: Plugin 'simplesearch' enabled but not found! Try clearing cache with `bin/grav clear-cache` [] []
[2015-03-23 17:17:37] grav.WARNING: Plugin 'videoembed' enabled but not found! Try clearing cache with `bin/grav clear-cache` [] []
[2015-03-23 17:17:38] grav.WARNING: Plugin 'simplesearch' enabled but not found! Try clearing cache with `bin/grav clear-cache` [] []
[2015-03-23 17:17:38] grav.WARNING: Plugin 'videoembed' enabled but not found! Try clearing cache with `bin/grav clear-cache` [] []
[2015-03-23 17:17:50] grav.WARNING: Plugin 'simplesearch' enabled but not found! Try clearing cache with `bin/grav clear-cache` [] []
[2015-03-23 17:17:50] grav.WARNING: Plugin 'videoembed' enabled but not found! Try clearing cache with `bin/grav clear-cache` [] []
[2015-03-23 17:17:50] grav.WARNING: Plugin 'simplesearch' enabled but not found! Try clearing cache with `bin/grav clear-cache` [] []
[2015-03-23 17:17:50] grav.WARNING: Plugin 'videoembed' enabled but not found! Try clearing cache with `bin/grav clear-cache` [] []
[2015-03-23 17:17:58] grav.WARNING: Plugin 'simplesearch' enabled but not found! Try clearing cache with `bin/grav clear-cache` [] []
[2015-03-23 17:17:58] grav.WARNING: Plugin 'videoembed' enabled but not found! Try clearing cache with `bin/grav clear-cache` [] []
[2015-03-23 17:17:59] grav.WARNING: Plugin 'simplesearch' enabled but not found! Try clearing cache with `bin/grav clear-cache` [] []
[2015-03-23 17:17:59] grav.WARNING: Plugin 'videoembed' enabled but not found! Try clearing cache with `bin/grav clear-cache` [] []
[2015-03-23 17:17:59] grav.WARNING: Plugin 'simplesearch' enabled but not found! Try clearing cache with `bin/grav clear-cache` [] []
[2015-03-23 17:17:59] grav.WARNING: Plugin 'videoembed' enabled but not found! Try clearing cache with `bin/grav clear-cache` [] []
[2015-03-23 17:18:00] grav.WARNING: Plugin 'simplesearch' enabled but not found! Try clearing cache with `bin/grav clear-cache` [] []
[2015-03-23 17:18:00] grav.WARNING: Plugin 'videoembed' enabled but not found! Try clearing cache with `bin/grav clear-cache` [] []
[2015-03-23 17:18:45] grav.WARNING: Plugin 'simplesearch' enabled but not found! Try clearing cache with `bin/grav clear-cache` [] []
[2015-03-23 17:18:45] grav.WARNING: Plugin 'videoembed' enabled but not found! Try clearing cache with `bin/grav clear-cache` [] []
[2015-03-23 17:19:02] grav.WARNING: Plugin 'simplesearch' enabled but not found! Try clearing cache with `bin/grav clear-cache` [] []
[2015-03-23 17:19:02] grav.WARNING: Plugin 'videoembed' enabled but not found! Try clearing cache with `bin/grav clear-cache` [] []
[2015-03-23 17:19:05] grav.WARNING: Plugin 'simplesearch' enabled but not found! Try clearing cache with `bin/grav clear-cache` [] []
[2015-03-23 17:19:05] grav.WARNING: Plugin 'videoembed' enabled but not found! Try clearing cache with `bin/grav clear-cache` [] []
[2015-03-23 17:19:46] grav.WARNING: Plugin 'simplesearch' enabled but not found! Try clearing cache with `bin/grav clear-cache` [] []
[2015-03-23 17:19:46] grav.WARNING: Plugin 'videoembed' enabled but not found! Try clearing cache with `bin/grav clear-cache` [] []
[2015-03-23 17:19:47] grav.WARNING: Plugin 'simplesearch' enabled but not found! Try clearing cache with `bin/grav clear-cache` [] []
[2015-03-23 17:19:47] grav.WARNING: Plugin 'videoembed' enabled but not found! Try clearing cache with `bin/grav clear-cache` [] []
[2015-03-23 17:21:38] grav.WARNING: Plugin 'simplesearch' enabled but not found! Try clearing cache with `bin/grav clear-cache` [] []
[2015-03-23 17:21:38] grav.WARNING: Plugin 'videoembed' enabled but not found! Try clearing cache with `bin/grav clear-cache` [] []
[2015-03-23 17:22:18] grav.WARNING: Plugin 'simplesearch' enabled but not found! Try clearing cache with `bin/grav clear-cache` [] []
[2015-03-23 17:22:18] grav.WARNING: Plugin 'videoembed' enabled but not found! Try clearing cache with `bin/grav clear-cache` [] []
[2015-03-23 17:22:19] grav.WARNING: Plugin 'simplesearch' enabled but not found! Try clearing cache with `bin/grav clear-cache` [] []
[2015-03-23 17:22:19] grav.WARNING: Plugin 'videoembed' enabled but not found! Try clearing cache with `bin/grav clear-cache` [] []
